#
# A fatal error has been detected by the Java Runtime Environment:
#
#  SIGSEGV (0xb) at pc=0x00007fff6d90481d, pid=74094, tid=9987
#
# JRE version:  (12.0) (slowdebug build )
# Java VM: OpenJDK 64-Bit Server VM (slowdebug 12-internal+0-adhoc.mutou.openjdk, mixed mode, tiered, compressed oops, g1 gc, bsd-amd64)
# Problematic frame:
# C  [libobjc.A.dylib+0x681d]  objc_msgSend+0x1d
#
# No core dump will be written. Core dumps have been disabled. To enable core dumping, try "ulimit -c unlimited" before starting Java again
#
# If you would like to submit a bug report, please visit:
#   http://bugreport.java.com/bugreport/crash.jsp
#

---------------  S U M M A R Y ------------

Command Line: debugTest

Host: 192.168.3.101, MacBookPro15,4 x86_64 1400 MHz, 8 cores, 8G, Darwin 19.6.0
Time: Tue Mar  2 17:22:52 2021 CST elapsed time: 979 seconds (0d 0h 16m 19s)

---------------  T H R E A D  ---------------

Current thread (0x00007f97bd00b000):  JavaThread "Unknown thread" [_thread_in_vm, id=9987, stack(0x000070000128e000,0x000070000138e000)]

Stack: [0x000070000128e000,0x000070000138e000],  sp=0x000070000138c768,  free space=1017k
Native frames: (J=compiled Java code, A=aot compiled Java code, j=interpreted, Vv=VM code, C=native code)
C  [libobjc.A.dylib+0x681d]  objc_msgSend+0x1d
C  0x0000000104257d05
C  [java+0x37e0]  main+0x0
V  [libjvm.dylib+0x52f825]  ClassFileParser::set_precomputed_flags(InstanceKlass*)+0x1d5
V  [libjvm.dylib+0x531632]  ClassFileParser::fill_instance_klass(InstanceKlass*, bool, Thread*)+0xaf2
V  [libjvm.dylib+0x530935]  ClassFileParser::create_instance_klass(bool, Thread*)+0x95
V  [libjvm.dylib+0xc28a80]  KlassFactory::create_from_stream(ClassFileStream*, Symbol*, ClassLoaderData*, Handle, InstanceKlass const*, GrowableArray<Handle>*, Thread*)+0x2f0
V  [libjvm.dylib+0x544cc0]  ClassLoader::load_class(Symbol*, bool, Thread*)+0x600
V  [libjvm.dylib+0x1113ea8]  SystemDictionary::load_instance_class(Symbol*, Handle, Thread*)+0x2d8
V  [libjvm.dylib+0x111234f]  SystemDictionary::resolve_instance_class_or_null(Symbol*, Handle, Handle, Thread*)+0x99f
V  [libjvm.dylib+0x1111923]  SystemDictionary::resolve_instance_class_or_null_helper(Symbol*, Handle, Handle, Thread*)+0x1a3
V  [libjvm.dylib+0x1111271]  SystemDictionary::resolve_or_null(Symbol*, Handle, Handle, Thread*)+0x81
V  [libjvm.dylib+0x11111a3]  SystemDictionary::resolve_or_fail(Symbol*, Handle, Handle, bool, Thread*)+0x43
V  [libjvm.dylib+0x1111553]  SystemDictionary::resolve_or_fail(Symbol*, bool, Thread*)+0x53
V  [libjvm.dylib+0x111834a]  SystemDictionary::resolve_wk_klass(SystemDictionary::WKID, Thread*)+0x13a
V  [libjvm.dylib+0x1118495]  SystemDictionary::resolve_wk_klasses_until(SystemDictionary::WKID, SystemDictionary::WKID&, Thread*)+0xf5
V  [libjvm.dylib+0xb675ac]  SystemDictionary::resolve_wk_klasses_through(SystemDictionary::WKID, SystemDictionary::WKID&, Thread*)+0x2c
V  [libjvm.dylib+0x1117e33]  SystemDictionary::resolve_well_known_classes(Thread*)+0x243
V  [libjvm.dylib+0x1117bc4]  SystemDictionary::initialize(Thread*)+0x224
V  [libjvm.dylib+0x1193d4f]  Universe::genesis(Thread*)+0x28f
V  [libjvm.dylib+0x1196fa6]  universe2_init()+0x26
V  [libjvm.dylib+0x946ff5]  init_globals()+0x85
V  [libjvm.dylib+0x1163100]  Threads::create_vm(JavaVMInitArgs*, bool*)+0x3b0
V  [libjvm.dylib+0xa71fe8]  JNI_CreateJavaVM_inner(JavaVM_**, void**, void*)+0x118
V  [libjvm.dylib+0xa71ebc]  JNI_CreateJavaVM+0x2c
C  [libjli.dylib+0x9154]  InitializeJVM+0x124
C  [libjli.dylib+0x846c]  JavaMain+0xac
C  [libsystem_pthread.dylib+0x6109]  _pthread_start+0x94
C  [libsystem_pthread.dylib+0x1b8b]  thread_start+0xf


siginfo: si_signo: 11 (SIGSEGV), si_code: 1 (SEGV_MAPERR), si_addr: 0x0000716400140010

Registers:
RAX=0x00007fff371e478e, RBX=0x00007f97c0f071d0, RCX=0x0000000104256420, RDX=0x00007fff78e3ce04
RSP=0x000070000138c768, RBP=0x000070000138c7a0, RSI=0x00007fff78e3cdb8, RDI=0x00007f97c0f071d0
R8 =0x0000000000000001, R9 =0x0000000000000001, R10=0x000071640013fff8, R11=0x00007fff78e3cdb8
R12=0x00007fff78e3cdb8, R13=0x0000000000000000, R14=0x0000000000000000, R15=0x00007fff78e3ce04
RIP=0x00007fff6d90481d, EFLAGS=0x0000000000010202, ERR=0x0000000000000004
  TRAPNO=0x000000000000000e

Top of Stack: (sp=0x000070000138c768)
0x000070000138c768:   00007fff371e47c2 00007fff371e478e
0x000070000138c778:   000070000138e000 0000000000000000
0x000070000138c788:   0000000000000000 0000000000000000
0x000070000138c798:   0000000000000000 000070000138c7c0
0x000070000138c7a8:   0000000104257d05 0000000104256420
0x000070000138c7b8:   0000000104256420 000070000138c890
0x000070000138c7c8:   000000010421f7e0 000000200138c810
0x000070000138c7d8:   000070000138c818 000070000138c800
0x000070000138c7e8:   000000010540739b 0000002000000000
0x000070000138c7f8:   000070000138c818 000070000138c820
0x000070000138c808:   0000000105407377 000000200138c840
0x000070000138c818:   0000000100000020 000070000138c840
0x000070000138c828:   00000001057db8d0 0000000800001080
0x000070000138c838:   0000000800000020 000070000138c890
0x000070000138c848:   000000010585bd05 0000000800002f00
0x000070000138c858:   0000000800002f00 0000002000000020
0x000070000138c868:   0000000000000000 000000200138c890
0x000070000138c878:   0000000800002cf0 0000000800002f00
0x000070000138c888:   00000001056b8c54 000070000138c920
0x000070000138c898:   000000010592f825 0000000100000001
0x000070000138c8a8:   0000000800002f00 000070000138c920
0x000070000138c8b8:   0000000105932b6e 0000000800002f00
0x000070000138c8c8:   00007f97c0f0a5c0 0000000800002f00
0x000070000138c8d8:   000070000138cce0 0000000800002f00
0x000070000138c8e8:   0000000000003200 0000000800001080
0x000070000138c8f8:   000000011d9c9f90 00007f97bec002e4
0x000070000138c908:   0000000800001080 0000000800002f00
0x000070000138c918:   000070000138cce0 000070000138caf0
0x000070000138c928:   0000000105931632 0000000800000000
0x000070000138c938:   0101000800002f00 000070000138c970
0x000070000138c948:   0000005800002f00 000070000138c970
0x000070000138c958:   000000010592fbaf 000000011d9c90b8 

Instructions: (pc=0x00007fff6d90481d)
0x00007fff6d9047fd:   44 00 00 48 85 ff 2e 74 72 40 f6 c7 01 2e 75 76
0x00007fff6d90480d:   49 ba f8 ff ff ff ff 7f 00 00 4c 23 17 49 89 f3
0x00007fff6d90481d:   45 23 5a 18 49 c1 e3 04 4d 03 5a 10 49 3b 33 75
0x00007fff6d90482d:   0a 4d 8b 5b 08 4d 31 d3 41 ff e3 49 83 3b 01 76 


---------------  P R O C E S S  ---------------

uid  : 501 euid : 501 gid  : 20 egid : 20

umask: 0022 (----w--w-)

Threads class SMR info:
_java_thread_list=0x0000000106a45100, length=0, elements={
}
_java_thread_list_alloc_cnt=1, _java_thread_list_free_cnt=0, _java_thread_list_max=0, _nested_thread_list_max=0
_delete_lock_wait_cnt=0, _delete_lock_wait_max=0
_to_delete_list_cnt=0, _to_delete_list_max=0

Java Threads: ( => current thread )

Other Threads:
  0x00007f97c1021000 GCTaskThread "GC Thread#0" [stack: 0x0000700001391000,0x0000700001491000] [id=20995]
  0x00007f97c0019800 ConcurrentGCThread "G1 Main Marker" [stack: 0x0000700001494000,0x0000700001594000] [id=11779]
  0x00007f97bf00c800 ConcurrentGCThread "G1 Conc#0" [stack: 0x0000700001597000,0x0000700001697000] [id=12547]
  0x00007f97bf017000 ConcurrentGCThread "G1 Refine#0" [stack: 0x000070000169a000,0x000070000179a000] [id=20227]
  0x00007f97bf018800 ConcurrentGCThread "G1 Young RemSet Sampling" [stack: 0x000070000179d000,0x000070000189d000] [id=19971]

=>0x00007f97bd00b000 (exited) JavaThread "Unknown thread" [_thread_in_vm, id=9987, stack(0x000070000128e000,0x000070000138e000)]

Threads with active compile tasks:

VM state:not at safepoint (not fully initialized)

VM Mutex/Monitor currently owned by a thread: None

Heap address: 0x0000000780000000, size: 2048 MB, Compressed Oops mode: Zero based, Oop shift amount: 3
Narrow klass base: 0x0000000800000000, Narrow klass shift: 0
Compressed class space size: 1073741824 Address: 0x0000000800000000

GC Heap History (0 events):
No events

Deoptimization events (0 events):
No events

Classes redefined (0 events):
No events

Internal exceptions (0 events):
No events

Events (10 events):
Event: 3.471 loading class java/lang/reflect/Type
Event: 3.471 loading class java/lang/reflect/Type done
Event: 3.471 loading class java/lang/invoke/TypeDescriptor$OfField
Event: 3.472 loading class java/lang/invoke/TypeDescriptor
Event: 3.472 loading class java/lang/invoke/TypeDescriptor done
Event: 3.473 loading class java/lang/invoke/TypeDescriptor$OfField done
Event: 3.477 loading class java/lang/Class done
Event: 3.477 loading class java/lang/Cloneable
Event: 3.478 loading class java/lang/Cloneable done
Event: 3.478 loading class java/lang/ClassLoader


Dynamic libraries:
0x00007fff6dfda000 	/usr/lib/libz.1.dylib
0x0000000104228000 	/Users/mutou/jvm/openjdk/build/macosx-x86_64-server-slowdebug/jdk/lib/libjli.dylib
0x00007fff33af6000 	/System/Library/Frameworks/Cocoa.framework/Versions/A/Cocoa
0x00007fff412ef000 	/System/Library/Frameworks/Security.framework/Versions/A/Security
0x00007fff32a5b000 	/System/Library/Frameworks/ApplicationServices.framework/Versions/A/ApplicationServices
0x00007fff6ba9e000 	/usr/lib/libSystem.B.dylib
0x00007fff6e89b000 	/usr/lib/system/libcache.dylib
0x00007fff6e8a1000 	/usr/lib/system/libcommonCrypto.dylib
0x00007fff6e8ad000 	/usr/lib/system/libcompiler_rt.dylib
0x00007fff6e8b5000 	/usr/lib/system/libcopyfile.dylib
0x00007fff6e8bf000 	/usr/lib/system/libcorecrypto.dylib
0x00007fff6ea5e000 	/usr/lib/system/libdispatch.dylib
0x00007fff6ea9f000 	/usr/lib/system/libdyld.dylib
0x00007fff6ead6000 	/usr/lib/system/libkeymgr.dylib
0x00007fff6eae4000 	/usr/lib/system/liblaunch.dylib
0x00007fff6eae5000 	/usr/lib/system/libmacho.dylib
0x00007fff6eaeb000 	/usr/lib/system/libquarantine.dylib
0x00007fff6eaee000 	/usr/lib/system/libremovefile.dylib
0x00007fff6eaf0000 	/usr/lib/system/libsystem_asl.dylib
0x00007fff6eb08000 	/usr/lib/system/libsystem_blocks.dylib
0x00007fff6eb09000 	/usr/lib/system/libsystem_c.dylib
0x00007fff6eb91000 	/usr/lib/system/libsystem_configuration.dylib
0x00007fff6eb95000 	/usr/lib/system/libsystem_coreservices.dylib
0x00007fff6eb99000 	/usr/lib/system/libsystem_darwin.dylib
0x00007fff6eba2000 	/usr/lib/system/libsystem_dnssd.dylib
0x00007fff6ebaa000 	/usr/lib/system/libsystem_featureflags.dylib
0x00007fff6ebac000 	/usr/lib/system/libsystem_info.dylib
0x00007fff6ec27000 	/usr/lib/system/libsystem_m.dylib
0x00007fff6ec6f000 	/usr/lib/system/libsystem_malloc.dylib
0x00007fff6ec97000 	/usr/lib/system/libsystem_networkextension.dylib
0x00007fff6eca5000 	/usr/lib/system/libsystem_notify.dylib
0x00007fff6ecc3000 	/usr/lib/system/libsystem_sandbox.dylib
0x00007fff6ecc8000 	/usr/lib/system/libsystem_secinit.dylib
0x00007fff6ebfa000 	/usr/lib/system/libsystem_kernel.dylib
0x00007fff6ecaf000 	/usr/lib/system/libsystem_platform.dylib
0x00007fff6ecb8000 	/usr/lib/system/libsystem_pthread.dylib
0x00007fff6eccb000 	/usr/lib/system/libsystem_symptoms.dylib
0x00007fff6ecd3000 	/usr/lib/system/libsystem_trace.dylib
0x00007fff6eceb000 	/usr/lib/system/libunwind.dylib
0x00007fff6ecf1000 	/usr/lib/system/libxpc.dylib
0x00007fff6d8fe000 	/usr/lib/libobjc.A.dylib
0x00007fff6bdd7000 	/usr/lib/libc++abi.dylib
0x00007fff6bd84000 	/usr/lib/libc++.1.dylib
0x00007fff34998000 	/System/Library/Frameworks/CoreFoundation.framework/Versions/A/CoreFoundation
0x00007fff37055000 	/System/Library/Frameworks/Foundation.framework/Versions/C/Foundation
0x00007fff31c4b000 	/System/Library/Frameworks/AppKit.framework/Versions/C/AppKit
0x00007fff3447a000 	/System/Library/Frameworks/CoreData.framework/Versions/A/CoreData
0x00007fff65ab3000 	/System/Library/PrivateFrameworks/UIFoundation.framework/Versions/A/UIFoundation
0x00007fff60b47000 	/System/Library/PrivateFrameworks/RemoteViewServices.framework/Versions/A/RemoteViewServices
0x00007fff6860e000 	/System/Library/PrivateFrameworks/XCTTargetBootstrap.framework/Versions/A/XCTTargetBootstrap
0x00007fff34865000 	/System/Library/Frameworks/CoreDisplay.framework/Versions/A/CoreDisplay
0x00007fff39f10000 	/System/Library/Frameworks/Metal.framework/Versions/A/Metal
0x00007fff4eb08000 	/System/Library/PrivateFrameworks/DesktopServicesPriv.framework/Versions/A/DesktopServicesPriv
0x00007fff6cbd9000 	/usr/lib/liblangid.dylib
0x00007fff4dd9d000 	/System/Library/PrivateFrameworks/CoreSVG.framework/Versions/A/CoreSVG
0x00007fff63ca3000 	/System/Library/PrivateFrameworks/SkyLight.framework/Versions/A/SkyLight
0x00007fff34e19000 	/System/Library/Frameworks/CoreGraphics.framework/Versions/A/CoreGraphics
0x00007fff3061f000 	/System/Library/Frameworks/Accelerate.framework/Versions/A/Accelerate
0x00007fff6decb000 	/usr/lib/libxml2.2.dylib
0x00007fff59aa6000 	/System/Library/PrivateFrameworks/IconServices.framework/Versions/A/IconServices
0x00007fff37834000 	/System/Library/Frameworks/IOSurface.framework/Versions/A/IOSurface
0x00007fff6b5c8000 	/usr/lib/libDiagnosticMessagesClient.dylib
0x00007fff4e962000 	/System/Library/PrivateFrameworks/DFRFoundation.framework/Versions/A/DFRFoundation
0x00007fff6c968000 	/usr/lib/libicucore.A.dylib
0x00007fff32d8d000 	/System/Library/Frameworks/AudioToolbox.framework/Versions/A/AudioToolbox
0x00007fff32e70000 	/System/Library/Frameworks/AudioUnit.framework/Versions/A/AudioUnit
0x00007fff6bca0000 	/usr/lib/libauto.dylib
0x00007fff4ea04000 	/System/Library/PrivateFrameworks/DataDetectorsCore.framework/Versions/A/DataDetectorsCore
0x00007fff33617000 	/System/Library/Frameworks/Carbon.framework/Versions/A/Frameworks/HIToolbox.framework/Versions/A/HIToolbox
0x00007fff404e9000 	/System/Library/Frameworks/QuartzCore.framework/Versions/A/QuartzCore
0x00007fff33956000 	/System/Library/Frameworks/Carbon.framework/Versions/A/Frameworks/SpeechRecognition.framework/Versions/A/SpeechRecognition
0x00007fff4e476000 	/System/Library/PrivateFrameworks/CoreUI.framework/Versions/A/CoreUI
0x00007fff33ee5000 	/System/Library/Frameworks/CoreAudio.framework/Versions/A/CoreAudio
0x00007fff36d14000 	/System/Library/Frameworks/DiskArbitration.framework/Versions/A/DiskArbitration
0x00007fff5bb22000 	/System/Library/PrivateFrameworks/MultitouchSupport.framework/Versions/A/MultitouchSupport
0x00007fff6c82f000 	/usr/lib/libenergytrace.dylib
0x00007fff3778e000 	/System/Library/Frameworks/IOKit.framework/Versions/A/IOKit
0x00007fff35d80000 	/System/Library/Frameworks/CoreServices.framework/Versions/A/CoreServices
0x00007fff5dcda000 	/System/Library/PrivateFrameworks/PerformanceAnalysis.framework/Versions/A/PerformanceAnalysis
0x00007fff3f51c000 	/System/Library/Frameworks/OpenGL.framework/Versions/A/OpenGL
0x00007fff33b04000 	/System/Library/Frameworks/ColorSync.framework/Versions/A/ColorSync
0x00007fff3549c000 	/System/Library/Frameworks/CoreImage.framework/Versions/A/CoreImage
0x00007fff367f3000 	/System/Library/Frameworks/CoreText.framework/Versions/A/CoreText
0x00007fff378c4000 	/System/Library/Frameworks/ImageIO.framework/Versions/A/ImageIO
0x00007fff6be00000 	/usr/lib/libcompression.dylib
0x00007fff6b90c000 	/usr/lib/libMobileGestalt.dylib
0x00007fff6581d000 	/System/Library/PrivateFrameworks/TextureIO.framework/Versions/A/TextureIO
0x00007fff6bc03000 	/usr/lib/libate.dylib
0x00007fff59caf000 	/System/Library/PrivateFrameworks/InternationalSupport.framework/Versions/A/InternationalSupport
0x00007fff6cbdb000 	/usr/lib/liblzma.5.dylib
0x00007fff6c856000 	/usr/lib/libfakelink.dylib
0x00007fff6bb90000 	/usr/lib/libarchive.2.dylib
0x00007fff423a0000 	/System/Library/Frameworks/SystemConfiguration.framework/Versions/A/SystemConfiguration
0x00007fff6b4fb000 	/usr/lib/libCRFSuite.dylib
0x00007fff33207000 	/System/Library/Frameworks/CFNetwork.framework/Versions/A/CFNetwork
0x00007fff6bd66000 	/usr/lib/libbsm.0.dylib
0x00007fff6ead7000 	/usr/lib/system/libkxld.dylib
0x00007fff482df000 	/System/Library/PrivateFrameworks/AppleFSCompression.framework/Versions/A/AppleFSCompression
0x00007fff6c0f1000 	/usr/lib/libcoretls.dylib
0x00007fff6c108000 	/usr/lib/libcoretls_cfhelpers.dylib
0x00007fff6d944000 	/usr/lib/libpam.2.dylib
0x00007fff6da79000 	/usr/lib/libsqlite3.dylib
0x00007fff6deb8000 	/usr/lib/libxar.1.dylib
0x00007fff6bd77000 	/usr/lib/libbz2.1.0.dylib
0x00007fff6c877000 	/usr/lib/libiconv.2.dylib
0x00007fff6bded000 	/usr/lib/libcharset.1.dylib
0x00007fff6d3e1000 	/usr/lib/libnetwork.dylib
0x00007fff6d94b000 	/usr/lib/libpcap.A.dylib
0x00007fff6bb45000 	/usr/lib/libapple_nghttp2.dylib
0x00007fff36137000 	/System/Library/Frameworks/CoreServices.framework/Versions/A/Frameworks/FSEvents.framework/Versions/A/FSEvents
0x00007fff35e07000 	/System/Library/Frameworks/CoreServices.framework/Versions/A/Frameworks/CarbonCore.framework/Versions/A/CarbonCore
0x00007fff3637b000 	/System/Library/Frameworks/CoreServices.framework/Versions/A/Frameworks/Metadata.framework/Versions/A/Metadata
0x00007fff36414000 	/System/Library/Frameworks/CoreServices.framework/Versions/A/Frameworks/OSServices.framework/Versions/A/OSServices
0x00007fff36442000 	/System/Library/Frameworks/CoreServices.framework/Versions/A/Frameworks/SearchKit.framework/Versions/A/SearchKit
0x00007fff35d81000 	/System/Library/Frameworks/CoreServices.framework/Versions/A/Frameworks/AE.framework/Versions/A/AE
0x00007fff36140000 	/System/Library/Frameworks/CoreServices.framework/Versions/A/Frameworks/LaunchServices.framework/Versions/A/LaunchServices
0x00007fff360e9000 	/System/Library/Frameworks/CoreServices.framework/Versions/A/Frameworks/DictionaryServices.framework/Versions/A/DictionaryServices
0x00007fff364aa000 	/System/Library/Frameworks/CoreServices.framework/Versions/A/Frameworks/SharedFileList.framework/Versions/A/SharedFileList
0x00007fff3b33b000 	/System/Library/Frameworks/NetFS.framework/Versions/A/NetFS
0x00007fff5c052000 	/System/Library/PrivateFrameworks/NetAuth.framework/Versions/A/NetAuth
0x00007fff689db000 	/System/Library/PrivateFrameworks/login.framework/Versions/A/Frameworks/loginsupport.framework/Versions/A/loginsupport
0x00007fff652e8000 	/System/Library/PrivateFrameworks/TCC.framework/Versions/A/TCC
0x00007fff4cf10000 	/System/Library/PrivateFrameworks/CoreNLP.framework/Versions/A/CoreNLP
0x00007fff5b523000 	/System/Library/PrivateFrameworks/MetadataUtilities.framework/Versions/A/MetadataUtilities
0x00007fff6ccb3000 	/usr/lib/libmecabra.dylib
0x00007fff6cc0b000 	/usr/lib/libmecab.dylib
0x00007fff6c867000 	/usr/lib/libgermantok.dylib
0x00007fff6bb2c000 	/usr/lib/libThaiTokenizer.dylib
0x00007fff6b532000 	/usr/lib/libChineseTokenizer.dylib
0x00007fff30637000 	/System/Library/Frameworks/Accelerate.framework/Versions/A/Frameworks/vImage.framework/Versions/A/vImage
0x00007fff31aa1000 	/System/Library/Frameworks/Accelerate.framework/Versions/A/Frameworks/vecLib.framework/Versions/A/vecLib
0x00007fff319de000 	/System/Library/Frameworks/Accelerate.framework/Versions/A/Frameworks/vecLib.framework/Versions/A/libvMisc.dylib
0x00007fff31806000 	/System/Library/Frameworks/Accelerate.framework/Versions/A/Frameworks/vecLib.framework/Versions/A/libvDSP.dylib
0x00007fff30c8e000 	/System/Library/Frameworks/Accelerate.framework/Versions/A/Frameworks/vecLib.framework/Versions/A/libBLAS.dylib
0x00007fff313ca000 	/System/Library/Frameworks/Accelerate.framework/Versions/A/Frameworks/vecLib.framework/Versions/A/libLAPACK.dylib
0x00007fff31766000 	/System/Library/Frameworks/Accelerate.framework/Versions/A/Frameworks/vecLib.framework/Versions/A/libLinearAlgebra.dylib
0x00007fff317f3000 	/System/Library/Frameworks/Accelerate.framework/Versions/A/Frameworks/vecLib.framework/Versions/A/libSparseBLAS.dylib
0x00007fff3177c000 	/System/Library/Frameworks/Accelerate.framework/Versions/A/Frameworks/vecLib.framework/Versions/A/libQuadrature.dylib
0x00007fff30ef6000 	/System/Library/Frameworks/Accelerate.framework/Versions/A/Frameworks/vecLib.framework/Versions/A/libBNNS.dylib
0x00007fff31782000 	/System/Library/Frameworks/Accelerate.framework/Versions/A/Frameworks/vecLib.framework/Versions/A/libSparse.dylib
0x00007fff5a097000 	/System/Library/PrivateFrameworks/LanguageModeling.framework/Versions/A/LanguageModeling
0x00007fff4c8c0000 	/System/Library/PrivateFrameworks/CoreEmoji.framework/Versions/A/CoreEmoji
0x00007fff5a1b5000 	/System/Library/PrivateFrameworks/LinguisticData.framework/Versions/A/LinguisticData
0x00007fff5a166000 	/System/Library/PrivateFrameworks/Lexicon.framework/Versions/A/Lexicon
0x00007fff6bdee000 	/usr/lib/libcmph.dylib
0x00007fff3df2a000 	/System/Library/Frameworks/OpenDirectory.framework/Versions/A/Frameworks/CFOpenDirectory.framework/Versions/A/CFOpenDirectory
0x00007fff3df47000 	/System/Library/Frameworks/OpenDirectory.framework/Versions/A/OpenDirectory
0x00007fff4638a000 	/System/Library/PrivateFrameworks/APFS.framework/Versions/A/APFS
0x00007fff41639000 	/System/Library/Frameworks/SecurityFoundation.framework/Versions/A/SecurityFoundation
0x00007fff6deb4000 	/usr/lib/libutil.dylib
0x00007fff4ddf5000 	/System/Library/PrivateFrameworks/CoreServicesStore.framework/Versions/A/CoreServicesStore
0x00007fff416f0000 	/System/Library/Frameworks/ServiceManagement.framework/Versions/A/ServiceManagement
0x00007fff49aaf000 	/System/Library/PrivateFrameworks/BackgroundTaskManagement.framework/Versions/A/BackgroundTaskManagement
0x00007fff6dfb1000 	/usr/lib/libxslt.1.dylib
0x00007fff48952000 	/System/Library/PrivateFrameworks/AppleSystemInfo.framework/Versions/A/AppleSystemInfo
0x00007fff37adf000 	/System/Library/Frameworks/ImageIO.framework/Versions/A/Resources/libJPEG.dylib
0x00007fff37d9e000 	/System/Library/Frameworks/ImageIO.framework/Versions/A/Resources/libTIFF.dylib
0x00007fff37d81000 	/System/Library/Frameworks/ImageIO.framework/Versions/A/Resources/libPng.dylib
0x00007fff37a21000 	/System/Library/Frameworks/ImageIO.framework/Versions/A/Resources/libGIF.dylib
0x00007fff37a25000 	/System/Library/Frameworks/ImageIO.framework/Versions/A/Resources/libJP2.dylib
0x00007fff37d9c000 	/System/Library/Frameworks/ImageIO.framework/Versions/A/Resources/libRadiance.dylib
0x00007fff6c830000 	/usr/lib/libexpat.1.dylib
0x00007fff4843a000 	/System/Library/PrivateFrameworks/AppleJPEG.framework/Versions/A/AppleJPEG
0x00007fff5110b000 	/System/Library/PrivateFrameworks/FontServices.framework/libFontParser.dylib
0x00007fff679dd000 	/System/Library/PrivateFrameworks/WatchdogClient.framework/Versions/A/WatchdogClient
0x00007fff596f2000 	/System/Library/PrivateFrameworks/IOAccelerator.framework/Versions/A/IOAccelerator
0x00007fff3a2ab000 	/System/Library/Frameworks/MetalPerformanceShaders.framework/Versions/A/MetalPerformanceShaders
0x00007fff55e88000 	/System/Library/PrivateFrameworks/GPUWrangler.framework/Versions/A/GPUWrangler
0x00007fff59707000 	/System/Library/PrivateFrameworks/IOPresentment.framework/Versions/A/IOPresentment
0x00007fff4e975000 	/System/Library/PrivateFrameworks/DSExternalDisplay.framework/Versions/A/DSExternalDisplay
0x00007fff3e8bb000 	/System/Library/Frameworks/OpenGL.framework/Versions/A/Libraries/libCoreFSCache.dylib
0x00007fff39ff7000 	/System/Library/Frameworks/MetalPerformanceShaders.framework/Frameworks/MPSCore.framework/Versions/A/MPSCore
0x00007fff3a035000 	/System/Library/Frameworks/MetalPerformanceShaders.framework/Frameworks/MPSImage.framework/Versions/A/MPSImage
0x00007fff3a0fc000 	/System/Library/Frameworks/MetalPerformanceShaders.framework/Frameworks/MPSNeuralNetwork.framework/Versions/A/MPSNeuralNetwork
0x00007fff3a0c0000 	/System/Library/Frameworks/MetalPerformanceShaders.framework/Frameworks/MPSMatrix.framework/Versions/A/MPSMatrix
0x00007fff3a25b000 	/System/Library/Frameworks/MetalPerformanceShaders.framework/Frameworks/MPSRayIntersector.framework/Versions/A/MPSRayIntersector
0x00007fff3a0e6000 	/System/Library/Frameworks/MetalPerformanceShaders.framework/Frameworks/MPSNDArray.framework/Versions/A/MPSNDArray
0x00007fff5b570000 	/System/Library/PrivateFrameworks/MetalTools.framework/Versions/A/MetalTools
0x00007fff47564000 	/System/Library/PrivateFrameworks/AggregateDictionary.framework/Versions/A/AggregateDictionary
0x00007fff4c308000 	/System/Library/PrivateFrameworks/CoreAnalytics.framework/Versions/A/CoreAnalytics
0x00007fff48871000 	/System/Library/PrivateFrameworks/AppleSauce.framework/Versions/A/AppleSauce
0x00007fff6b7ee000 	/usr/lib/libIOReport.dylib
0x00007fff369ab000 	/System/Library/Frameworks/CoreVideo.framework/Versions/A/CoreVideo
0x00007fff57301000 	/System/Library/PrivateFrameworks/GraphVisualizer.framework/Versions/A/GraphVisualizer
0x00007fff50651000 	/System/Library/PrivateFrameworks/FaceCore.framework/Versions/A/FaceCore
0x00007fff3ded1000 	/System/Library/Frameworks/OpenCL.framework/Versions/A/OpenCL
0x00007fff6b610000 	/usr/lib/libFosl_dynamic.dylib
0x00007fff5ca72000 	/System/Library/PrivateFrameworks/OTSVG.framework/Versions/A/OTSVG
0x00007fff32b60000 	/System/Library/Frameworks/ApplicationServices.framework/Versions/A/Frameworks/ATS.framework/Versions/A/Resources/libFontRegistry.dylib
0x00007fff512dc000 	/System/Library/PrivateFrameworks/FontServices.framework/libhvf.dylib
0x00007fff3e8c6000 	/System/Library/Frameworks/OpenGL.framework/Versions/A/Libraries/libGFXShared.dylib
0x00007fff3eaa4000 	/System/Library/Frameworks/OpenGL.framework/Versions/A/Libraries/libGLU.dylib
0x00007fff3e8cf000 	/System/Library/Frameworks/OpenGL.framework/Versions/A/Libraries/libGL.dylib
0x00007fff3e8da000 	/System/Library/Frameworks/OpenGL.framework/Versions/A/Libraries/libGLImage.dylib
0x00007fff3e8b8000 	/System/Library/Frameworks/OpenGL.framework/Versions/A/Libraries/libCVMSPluginSupport.dylib
0x00007fff3e8c1000 	/System/Library/Frameworks/OpenGL.framework/Versions/A/Libraries/libCoreVMClient.dylib
0x00007fff6d282000 	/usr/lib/libncurses.5.4.dylib
0x00007fff32a5c000 	/System/Library/Frameworks/ApplicationServices.framework/Versions/A/Frameworks/ATS.framework/Versions/A/ATS
0x00007fff32c29000 	/System/Library/Frameworks/ApplicationServices.framework/Versions/A/Frameworks/ColorSyncLegacy.framework/Versions/A/ColorSyncLegacy
0x00007fff32cc7000 	/System/Library/Frameworks/ApplicationServices.framework/Versions/A/Frameworks/HIServices.framework/Versions/A/HIServices
0x00007fff32d1f000 	/System/Library/Frameworks/ApplicationServices.framework/Versions/A/Frameworks/LangAnalysis.framework/Versions/A/LangAnalysis
0x00007fff32d2e000 	/System/Library/Frameworks/ApplicationServices.framework/Versions/A/Frameworks/PrintCore.framework/Versions/A/PrintCore
0x00007fff32d74000 	/System/Library/Frameworks/ApplicationServices.framework/Versions/A/Frameworks/QD.framework/Versions/A/QD
0x00007fff32d7f000 	/System/Library/Frameworks/ApplicationServices.framework/Versions/A/Frameworks/SpeechSynthesis.framework/Versions/A/SpeechSynthesis
0x00007fff32bf9000 	/System/Library/Frameworks/ApplicationServices.framework/Versions/A/Frameworks/ATSUI.framework/Versions/A/ATSUI
0x00007fff6c6c6000 	/usr/lib/libcups.2.dylib
0x00007fff39346000 	/System/Library/Frameworks/Kerberos.framework/Versions/A/Kerberos
0x00007fff37487000 	/System/Library/Frameworks/GSS.framework/Versions/A/GSS
0x00007fff6da05000 	/usr/lib/libresolv.9.dylib
0x00007fff574ae000 	/System/Library/PrivateFrameworks/Heimdal.framework/Versions/A/Heimdal
0x00007fff39359000 	/System/Library/Frameworks/Kerberos.framework/Versions/A/Libraries/libHeimdalProxy.dylib
0x00007fff6c86d000 	/usr/lib/libheimdal-asn1.dylib
0x00007fff4b7a0000 	/System/Library/PrivateFrameworks/CommonAuth.framework/Versions/A/CommonAuth
0x00007fff489ef000 	/System/Library/PrivateFrameworks/AssertionServices.framework/Versions/A/AssertionServices
0x00007fff49592000 	/System/Library/PrivateFrameworks/AudioToolboxCore.framework/Versions/A/AudioToolboxCore
0x00007fff6868b000 	/System/Library/PrivateFrameworks/caulk.framework/Versions/A/caulk
0x00007fff49b5b000 	/System/Library/PrivateFrameworks/BaseBoard.framework/Versions/A/BaseBoard
0x00007fff60cd5000 	/System/Library/PrivateFrameworks/RunningBoardServices.framework/Versions/A/RunningBoardServices
0x00007fff5dce6000 	/System/Library/PrivateFrameworks/PersistentConnection.framework/Versions/A/PersistentConnection
0x00007fff606ce000 	/System/Library/PrivateFrameworks/ProtocolBuffer.framework/Versions/A/ProtocolBuffer
0x00007fff4b7c4000 	/System/Library/PrivateFrameworks/CommonUtilities.framework/Versions/A/CommonUtilities
0x00007fff49ce9000 	/System/Library/PrivateFrameworks/Bom.framework/Versions/A/Bom
0x00007fff6b4c1000 	/usr/lib/libAudioToolboxUtility.dylib
0x00007fff49ab9000 	/System/Library/PrivateFrameworks/Backup.framework/Versions/A/Backup
0x00007fff4e896000 	/System/Library/PrivateFrameworks/CrashReporterSupport.framework/Versions/A/CrashReporterSupport
0x00007fff62767000 	/System/Library/PrivateFrameworks/Sharing.framework/Versions/A/Sharing
0x00007fff47ffd000 	/System/Library/PrivateFrameworks/Apple80211.framework/Versions/A/Apple80211
0x00007fff497d6000 	/System/Library/PrivateFrameworks/AuthKit.framework/Versions/A/AuthKit
0x00007fff4e5a3000 	/System/Library/PrivateFrameworks/CoreUtils.framework/Versions/A/CoreUtils
0x00007fff369f0000 	/System/Library/Frameworks/CoreWLAN.framework/Versions/A/CoreWLAN
0x00007fff37614000 	/System/Library/Frameworks/IOBluetooth.framework/Versions/A/IOBluetooth
0x00007fff5b8a1000 	/System/Library/PrivateFrameworks/MobileKeyBag.framework/Versions/A/MobileKeyBag
0x00007fff4d3a8000 	/System/Library/PrivateFrameworks/CorePhoneNumbers.framework/Versions/A/CorePhoneNumbers
0x00007fff483ed000 	/System/Library/PrivateFrameworks/AppleIDAuthSupport.framework/Versions/A/AppleIDAuthSupport
0x00007fff3b348000 	/System/Library/Frameworks/Network.framework/Versions/A/Network
0x00007fff59f43000 	/System/Library/PrivateFrameworks/KeychainCircle.framework/Versions/A/KeychainCircle
0x00007fff34441000 	/System/Library/Frameworks/CoreBluetooth.framework/Versions/A/CoreBluetooth
0x00007fff647e6000 	/System/Library/PrivateFrameworks/SpeechRecognitionCore.framework/Versions/A/SpeechRecognitionCore
0x00007fff27a63000 	/System/Library/CoreServices/Encodings/libSimplifiedChineseConverter.dylib
0x0000000105400000 	/Users/mutou/jvm/openjdk/build/macosx-x86_64-server-slowdebug/jdk/lib/server/libjvm.dylib
0x00000001043d8000 	/Users/mutou/jvm/openjdk/build/macosx-x86_64-server-slowdebug/jdk/lib/libverify.dylib
0x0000000107246000 	/Users/mutou/jvm/openjdk/build/macosx-x86_64-server-slowdebug/jdk/lib/libjava.dylib
0x00000001072bc000 	/Users/mutou/jvm/openjdk/build/macosx-x86_64-server-slowdebug/jdk/lib/libzip.dylib
0x00000001072ca000 	/Users/mutou/jvm/openjdk/build/macosx-x86_64-server-slowdebug/jdk/lib/libjimage.dylib


VM Arguments:
java_command: debugTest
java_class_path (initial): .
Launcher Type: SUN_STANDARD

[Global flags]
     intx CICompilerCount                          = 4                                         {product} {ergonomic}     Number of compiler threads to run
     uint ConcGCThreads                            = 2                                         {product} {ergonomic}     Number of threads concurrent gc will use
     uint G1ConcRefinementThreads                  = 8                                         {product} {ergonomic}     The number of parallel rem set update threads. Will be set ergonomically by default.
   size_t G1HeapRegionSize                         = 1048576                                   {product} {ergonomic}     Size of the G1 regions.
    uintx GCDrainStackTargetSize                   = 64                                        {product} {ergonomic}     Number of entries we will try to leave on the stack during parallel gc
   size_t InitialHeapSize                          = 134217728                                 {product} {ergonomic}     Initial heap size (in bytes); zero means use ergonomics
   size_t MarkStackSize                            = 4194304                                   {product} {ergonomic}     Size of marking stack
   size_t MaxHeapSize                              = 2147483648                                {product} {ergonomic}     Maximum heap size (in bytes)
   size_t MaxNewSize                               = 1287651328                                {product} {ergonomic}     Maximum new generation size (in bytes), max_uintx means set ergonomically
   size_t MinHeapDeltaBytes                        = 1048576                                   {product} {ergonomic}     The minimum change in heap space due to GC (in bytes)
    uintx NonNMethodCodeHeapSize                   = 5836300                                {pd product} {ergonomic}     Size of code heap with non-nmethods (in bytes)
    uintx NonProfiledCodeHeapSize                  = 122910970                              {pd product} {ergonomic}     Size of code heap with non-profiled methods (in bytes)
    uintx ProfiledCodeHeapSize                     = 122910970                              {pd product} {ergonomic}     Size of code heap with profiled methods (in bytes)
    uintx ReservedCodeCacheSize                    = 251658240                              {pd product} {ergonomic}     Reserved code cache size (in bytes) - maximum code cache size
     bool SegmentedCodeCache                       = true                                      {product} {ergonomic}     Use a segmented code cache
     bool UseCompressedClassPointers               = true                                 {lp64_product} {ergonomic}     Use 32-bit class pointers in 64-bit VM. lp64_product means flag is always constant in 32 bit VM
     bool UseCompressedOops                        = true                                 {lp64_product} {ergonomic}     Use 32-bit object references in 64-bit VM. lp64_product means flag is always constant in 32 bit VM
     bool UseG1GC                                  = true                                      {product} {ergonomic}     Use the Garbage-First garbage collector

Logging:
Log output configuration:
 #0: stdout all=warning uptime,level,tags
 #1: stderr all=off uptime,level,tags

Environment Variables:
PATH=/Users/mutou/.rvm/gems/ruby-2.6.3/bin:/Users/mutou/.rvm/gems/ruby-2.6.3@global/bin:/Users/mutou/.rvm/rubies/ruby-2.6.3/bin:/usr/local/bin:/usr/bin:/bin:/usr/sbin:/sbin:/Library/Apple/usr/bin:/Users/mutou/.rvm/bin
SHELL=/bin/zsh

Signal Handlers:
SIGSEGV: [libjvm.dylib+0x11f7640], sa_mask[0]=11111111011111110111111111111111, sa_flags=SA_ONSTACK|SA_RESTART|SA_SIGINFO
SIGBUS: [libjvm.dylib+0x11f7640], sa_mask[0]=11111111011111110111111111111111, sa_flags=SA_RESTART|SA_SIGINFO
SIGFPE: [libjvm.dylib+0x11f7640], sa_mask[0]=11111111011111110111111111111111, sa_flags=SA_RESTART|SA_SIGINFO
SIGPIPE: [libjvm.dylib+0xe69940], sa_mask[0]=11111111011111110111111111111111, sa_flags=SA_RESTART|SA_SIGINFO
SIGXFSZ: [libjvm.dylib+0xe69940], sa_mask[0]=11111111011111110111111111111111, sa_flags=SA_RESTART|SA_SIGINFO
SIGILL: [libjvm.dylib+0x11f7640], sa_mask[0]=11111111011111110111111111111111, sa_flags=SA_RESTART|SA_SIGINFO
SIGUSR2: [libjvm.dylib+0xe6a620], sa_mask[0]=00000000000000000000000000000000, sa_flags=SA_RESTART|SA_SIGINFO
SIGHUP: SIG_DFL, sa_mask[0]=00000000000000000000000000000000, sa_flags=none
SIGINT: SIG_DFL, sa_mask[0]=00000000000000000000000000000000, sa_flags=none
SIGTERM: SIG_DFL, sa_mask[0]=00000000000000000000000000000000, sa_flags=none
SIGQUIT: SIG_DFL, sa_mask[0]=00000000000000000000000000000000, sa_flags=none


---------------  S Y S T E M  ---------------

OS:uname:Darwin 192.168.3.101 19.6.0 Darwin Kernel Version 19.6.0: Mon Aug 31 22:12:52 PDT 2020; root:xnu-6153.141.2~1/RELEASE_X86_64 x86_64
rlimit: STACK 8192k, CORE 0k, NPROC 1392, NOFILE 10240, AS infinity, DATA infinity, FSIZE infinity
load average:1.47 1.61 1.67

CPU:total 8 (initial active 8) (4 cores per cpu, 2 threads per core) family 6 model 142 stepping 10, cmov, cx8, fxsr, mmx, sse, sse2, sse3, ssse3, sse4.1, sse4.2, popcnt, avx, avx2, aes, clmul, erms, 3dnowpref, lzcnt, ht, tsc, tscinvbit, bmi1, bmi2, adx, fma

Memory: 4k page, physical 8388608k(614944k free)

vm_info: OpenJDK 64-Bit Server VM (slowdebug 12-internal+0-adhoc.mutou.openjdk) for bsd-amd64 JRE (12-internal+0-adhoc.mutou.openjdk), built on Feb  3 2021 17:25:35 by "mutou" with gcc Apple LLVM 12.0.0 (clang-1200.0.32.2)

END.
